<?xml version="1.0" encoding="UTF-8"?>
<testsuite xmlns:xsi="http://www.w3.org/2001/XMLSchema-instance" xsi:noNamespaceSchemaLocation="https://maven.apache.org/surefire/maven-surefire-plugin/xsd/surefire-test-report.xsd" name="com.brunom.AppTest" time="0.053" tests="20" errors="0" skipped="0" failures="0">
  <properties>
[...]
</properties>
  <testcase name="shouldNotToggleEngine" classname="com.brunom.AppTest" time="0.005"/>
  <testcase name="testAccelerationPowerRangeFix" classname="com.brunom.AppTest" time="0"/>
  <testcase name="accelerationShouldDecrease" classname="com.brunom.AppTest" time="0"/>
  <testcase name="shouldToggleEngine" classname="com.brunom.AppTest" time="0"/>
  <testcase name="shouldNotRemovePassenger" classname="com.brunom.AppTest" time="0.001"/>
  <testcase name="testCanAccelerate" classname="com.brunom.AppTest" time="0"/>
  <testcase name="testPrintState" classname="com.brunom.AppTest" time="0.005"/>
  <testcase name="testBraking" classname="com.brunom.AppTest" time="0"/>
  <testcase name="shouldRemovePassenger" classname="com.brunom.AppTest" time="0"/>
  <testcase name="testModeAcceleration" classname="com.brunom.AppTest" time="0"/>
  <testcase name="shouldNotAccelerate" classname="com.brunom.AppTest" time="0"/>
  <testcase name="TestRefuelCharge" classname="com.brunom.AppTest" time="0"/>
  <testcase name="shouldNotAddPassenger" classname="com.brunom.AppTest" time="0"/>
  <testcase name="accelerationShouldNotChange" classname="com.brunom.AppTest" time="0"/>
  <testcase name="shouldAddPassenger" classname="com.brunom.AppTest" time="0"/>
  <testcase name="weightShouldBeCarWeight" classname="com.brunom.AppTest" time="0.001"/>
  <testcase name="testIsFull" classname="com.brunom.AppTest" time="0"/>
  <testcase name="testSetMode" classname="com.brunom.AppTest" time="0"/>
  <testcase name="testResetState" classname="com.brunom.AppTest" time="0"/>
  <testcase name="testGetInstance" classname="com.brunom.AppTest" time="0"/>
</testsuite>